22:21:01.93 | INFO | 7 | 1. Claim TABI faucet
22:21:01.93 | INFO | 8 | 2. Start base route for all wallets
22:21:01.93 | INFO | 9 | 3. Choose activity for wallets
22:21:01.93 | INFO | 10 | 4. Random activity on the wallets
22:21:01.93 | INFO | 11 | 5. Exit
22:21:54.79 | INFO | 14 | Choose activity for faucet:
22:21:54.79 | INFO | 15 | 1. Claim TABI for all wallets
22:21:54.79 | INFO | 16 | 2. Claim TABI for wallets with balance < 1 TABI
22:21:54.79 | INFO | 17 | 3. Back to main menu
22:22:01.87 | WARNING | 35 | select Up
22:31:54.70 | WARNING | 18 | select 1
22:32:14.43 | WARNING | 21 | select 1
22:32:21.86 | WARNING | 23 | select Up
12:00:12.60 | WARNING | 18 | select 1
12:35:56.71 | WARNING | 18 | select 1.1
12:35:59.76 | WARNING | 21 | select 1.2
12:36:42.86 | WARNING | 26 | select 2.1
12:36:46.47 | SUCCESS | 50 | Script execution time: 0.7 seconds
13:22:46.80 | SUCCESS | 30 | Script execution time: 28.2 seconds
13:28:03.81 | ERROR | 27 | Account-0001 | Error in function: 'dict' object has no attribute 'message'
13:29:04.13 | ERROR | 27 | Account-0002 | Error in function: 'dict' object has no attribute 'message'
13:30:53.59 | ERROR | 77 | Error status code: 500
13:33:50.73 | ERROR | 27 | Account-0004 | Error in function: 'dict' object has no attribute 'message'
13:43:36.28 | SUCCESS | 73 | Claimed TABI for 1 Token sent successfully, tx: 0x248b410effa4e25dd2b7700f19a977371739d4b3a0e19e9e202c621b2e8910bb
13:45:00.11 | SUCCESS | 73 | Claimed TABI for 1 Token sent successfully, tx: 0x92411f8b2096eaf3ed0aec5d82ca88a5e79356416e99a2d63ae8d98235d4bf2e
13:45:08.09 | SUCCESS | 73 | Claimed TABI for 1 Token sent successfully, tx: 0x709a58edd92a8cf90915b79ca7011b5858450bb8143d2cea4bb61bf4b6b75414
13:45:26.51 | SUCCESS | 73 | Claimed TABI for 1 Token sent successfully, tx: 0x0fafee06e9107f68a524da4358f9f228e5e038326f3d9221537d8dad0ef85111
13:45:30.10 | SUCCESS | 73 | Claimed TABI for 1 Token sent successfully, tx: 0xda12cc3008752e58df91e710d5773552acc49bfb65bc89ab4322b3de1b9d9bb1
13:45:33.35 | SUCCESS | 73 | Claimed TABI for 1 Token sent successfully, tx: 0x37cc074c83346a05e9e034037507a554ed2a8aa4fb8556077bf79954f99b9ce7
13:45:36.71 | SUCCESS | 73 | Claimed TABI for 1 Token sent successfully, tx: 0xc2f4f9fdc6c876887d527659137f16ee000bfb94b046ca09d5e62e00cec381e5
13:45:40.59 | SUCCESS | 73 | Claimed TABI for 1 Token sent successfully, tx: 0x82538b75c1667f86a047a338c566ba041206e4887b65dd61ac3d4fc11dd49c9e
13:45:43.79 | SUCCESS | 73 | Claimed TABI for 1 Token sent successfully, tx: 0x50c9f2fdf491eda87d59d24b1325c0fafb89665f55edd5dac01d27341db2e33a
13:45:47.49 | SUCCESS | 73 | Claimed TABI for 1 Token sent successfully, tx: 0x81d0a3519418a59c56d0d7dff4f984e639435f45c28535288f6f48d7112e0ced
13:45:56.57 | SUCCESS | 30 | Script execution time: 171.13 seconds
13:53:28.98 | SUCCESS | 44 | Script execution time: 4.67 seconds
13:53:41.41 | SUCCESS | 73 | Account-0001 | 1 Token sent successfully | tx: 0xb8dd7d588b92dd34d39d624d01a02189b3a3e12fd8e1387bae4352a8de976070
13:53:44.94 | SUCCESS | 73 | Account-0002 | 1 Token sent successfully | tx: 0xeb003d166891ca0abe17e6500b5ddc469013725efaea9c57b75517c031a067e6
13:53:48.74 | SUCCESS | 73 | Account-0003 | 1 Token sent successfully | tx: 0x1f5cf68bbfb10334c29d5f3c941c73e2e31ab59f163256bc14b41288f9ab7e80
13:53:51.86 | SUCCESS | 73 | Account-0004 | 1 Token sent successfully | tx: 0x809353b3614fa593b6f99269fa18f0c7d83303fd4abe6ca48c6650b4b27fcd31
13:53:59.20 | SUCCESS | 73 | Account-0005 | 1 Token sent successfully | tx: 0xecc1ea3350172a9b2d1398b9eaec5ecdbdbbb6009171eec4e606e4f25fe6df79
13:54:02.51 | SUCCESS | 73 | Account-0006 | 1 Token sent successfully | tx: 0x6b6b49fe93884d00a797ca50e79fea7659b8b84d78303b999defee146c3e3423
13:54:05.83 | SUCCESS | 73 | Account-0007 | 1 Token sent successfully | tx: 0xf871e2ee305b511cba001ced852b2142ea640a32626a177b5749c980bf654366
13:54:09.25 | SUCCESS | 73 | Account-0008 | 1 Token sent successfully | tx: 0x7bbece8f5a548ba7391097c924364cc8183b036f7c885626d32c3fd86c3042b9
13:54:12.60 | SUCCESS | 73 | Account-0009 | 1 Token sent successfully | tx: 0x4f23332ac60c23111403bf6f96e7d7f93ce0f3b426837cd1e4c6fe5a389b9391
13:54:16.34 | SUCCESS | 73 | Account-0010 | 1 Token sent successfully | tx: 0x2aa0fd20ed733f963a0cfdb650a2ef7e3afdb7ea31cbf7283dc688cfe7637bb6
13:54:18.41 | SUCCESS | 30 | Script execution time: 38.04 seconds
13:55:54.16 | WARNING | 88 | Account-0001 | Balance 8.944409 TABI
13:55:54.83 | WARNING | 88 | Account-0002 | Balance 8.907646 TABI
13:55:55.18 | WARNING | 88 | Account-0003 | Balance 7.008646 TABI
13:55:55.52 | WARNING | 88 | Account-0004 | Balance 8.022646 TABI
13:55:55.87 | WARNING | 88 | Account-0005 | Balance 7.980646 TABI
13:55:56.52 | WARNING | 88 | Account-0006 | Balance 7.904646 TABI
13:55:57.44 | WARNING | 88 | Account-0007 | Balance 7.961631 TABI
13:55:58.00 | WARNING | 88 | Account-0008 | Balance 7.938764 TABI
13:55:58.35 | WARNING | 88 | Account-0009 | Balance 6.943646 TABI
13:55:58.70 | WARNING | 88 | Account-0010 | Balance 6.878646 TABI
13:55:58.75 | SUCCESS | 44 | Script execution time: 6.11 seconds
14:13:03.93 | ERROR | 57 | Account-0001 | Error in function: non-integer arg 1 for randrange()
14:13:03.93 | ERROR | 57 | Account-0002 | Error in function: non-integer arg 1 for randrange()
14:13:03.94 | ERROR | 57 | Account-0003 | Error in function: non-integer arg 1 for randrange()
14:13:03.94 | ERROR | 57 | Account-0004 | Error in function: non-integer arg 1 for randrange()
14:13:03.94 | ERROR | 57 | Account-0005 | Error in function: non-integer arg 1 for randrange()
14:13:03.95 | ERROR | 57 | Account-0006 | Error in function: non-integer arg 1 for randrange()
14:13:03.95 | ERROR | 57 | Account-0007 | Error in function: non-integer arg 1 for randrange()
14:13:03.95 | ERROR | 57 | Account-0008 | Error in function: non-integer arg 1 for randrange()
14:13:03.96 | ERROR | 57 | Account-0009 | Error in function: non-integer arg 1 for randrange()
14:13:03.96 | ERROR | 57 | Account-0010 | Error in function: non-integer arg 1 for randrange()
14:13:04.02 | SUCCESS | 60 | Script execution time: 0.09 seconds
14:14:16.76 | ERROR | 57 | Account-0001 | Error in function: can only concatenate str (not "int") to str
14:14:16.76 | ERROR | 57 | Account-0002 | Error in function: can only concatenate str (not "int") to str
14:14:16.77 | ERROR | 57 | Account-0003 | Error in function: can only concatenate str (not "int") to str
14:14:16.77 | ERROR | 57 | Account-0004 | Error in function: can only concatenate str (not "int") to str
14:14:16.77 | ERROR | 57 | Account-0005 | Error in function: can only concatenate str (not "int") to str
14:14:16.78 | ERROR | 57 | Account-0006 | Error in function: can only concatenate str (not "int") to str
14:14:16.78 | ERROR | 57 | Account-0007 | Error in function: can only concatenate str (not "int") to str
14:14:16.78 | ERROR | 57 | Account-0008 | Error in function: can only concatenate str (not "int") to str
14:14:16.79 | ERROR | 57 | Account-0009 | Error in function: can only concatenate str (not "int") to str
14:14:16.79 | ERROR | 57 | Account-0010 | Error in function: can only concatenate str (not "int") to str
14:14:16.84 | SUCCESS | 60 | Script execution time: 0.09 seconds
14:14:43.32 | ERROR | 57 | Account-0001 | Error in function: can only concatenate str (not "int") to str
14:14:43.32 | ERROR | 57 | Account-0002 | Error in function: can only concatenate str (not "int") to str
14:14:43.33 | ERROR | 57 | Account-0003 | Error in function: can only concatenate str (not "int") to str
14:14:43.33 | ERROR | 57 | Account-0004 | Error in function: can only concatenate str (not "int") to str
14:14:43.33 | ERROR | 57 | Account-0005 | Error in function: can only concatenate str (not "int") to str
14:14:43.34 | ERROR | 57 | Account-0006 | Error in function: can only concatenate str (not "int") to str
14:14:43.34 | ERROR | 57 | Account-0007 | Error in function: can only concatenate str (not "int") to str
14:14:43.34 | ERROR | 57 | Account-0008 | Error in function: can only concatenate str (not "int") to str
14:14:43.35 | ERROR | 57 | Account-0009 | Error in function: can only concatenate str (not "int") to str
14:14:43.35 | ERROR | 57 | Account-0010 | Error in function: can only concatenate str (not "int") to str
14:14:43.40 | SUCCESS | 60 | Script execution time: 0.09 seconds
14:15:09.58 | ERROR | 57 | Account-0001 | Error in function: non-integer arg 1 for randrange()
14:15:09.58 | ERROR | 57 | Account-0002 | Error in function: non-integer arg 1 for randrange()
14:15:09.59 | ERROR | 57 | Account-0003 | Error in function: non-integer arg 1 for randrange()
14:15:09.59 | ERROR | 57 | Account-0004 | Error in function: non-integer arg 1 for randrange()
14:15:09.59 | ERROR | 57 | Account-0005 | Error in function: non-integer arg 1 for randrange()
14:15:09.60 | ERROR | 57 | Account-0006 | Error in function: non-integer arg 1 for randrange()
14:15:09.60 | ERROR | 57 | Account-0007 | Error in function: non-integer arg 1 for randrange()
14:15:09.60 | ERROR | 57 | Account-0008 | Error in function: non-integer arg 1 for randrange()
14:15:09.61 | ERROR | 57 | Account-0009 | Error in function: non-integer arg 1 for randrange()
14:15:09.61 | ERROR | 57 | Account-0010 | Error in function: non-integer arg 1 for randrange()
14:15:09.66 | SUCCESS | 60 | Script execution time: 0.09 seconds
14:16:03.41 | ERROR | 57 | Account-0001 | Error in function: Non-hexadecimal digit found
14:16:03.41 | ERROR | 57 | Account-0002 | Error in function: Non-hexadecimal digit found
14:16:03.41 | ERROR | 57 | Account-0003 | Error in function: Non-hexadecimal digit found
14:16:03.42 | ERROR | 57 | Account-0004 | Error in function: Non-hexadecimal digit found
14:16:03.42 | ERROR | 57 | Account-0005 | Error in function: Non-hexadecimal digit found
14:16:03.42 | ERROR | 57 | Account-0006 | Error in function: Non-hexadecimal digit found
14:16:03.43 | ERROR | 57 | Account-0007 | Error in function: Non-hexadecimal digit found
14:16:03.43 | ERROR | 57 | Account-0008 | Error in function: Non-hexadecimal digit found
14:16:03.43 | ERROR | 57 | Account-0009 | Error in function: Non-hexadecimal digit found
14:16:03.43 | ERROR | 57 | Account-0010 | Error in function: Non-hexadecimal digit found
14:16:03.49 | SUCCESS | 60 | Script execution time: 0.09 seconds
14:17:18.70 | ERROR | 57 | Account-0001 | Error in function: Non-hexadecimal digit found
14:23:13.65 | ERROR | 57 | Account-0001 | Error in function: Non-hexadecimal digit found
14:25:58.94 | ERROR | 57 | Account-0001 | Error in function: Non-hexadecimal digit found
14:28:29.41 | ERROR | 59 | Account-0001 | Error in function: 'Meta private'
14:28:29.41 | ERROR | 59 | Account-0002 | Error in function: 'Meta private'
14:28:29.42 | ERROR | 59 | Account-0003 | Error in function: 'Meta private'
14:28:29.42 | ERROR | 59 | Account-0004 | Error in function: 'Meta private'
14:28:29.42 | ERROR | 59 | Account-0005 | Error in function: 'Meta private'
14:28:29.42 | ERROR | 59 | Account-0006 | Error in function: 'Meta private'
14:28:29.42 | ERROR | 59 | Account-0007 | Error in function: 'Meta private'
14:28:29.42 | ERROR | 59 | Account-0008 | Error in function: 'Meta private'
14:28:29.42 | ERROR | 59 | Account-0009 | Error in function: 'Meta private'
14:28:29.42 | ERROR | 59 | Account-0010 | Error in function: 'Meta private'
14:28:29.48 | SUCCESS | 62 | Script execution time: 0.07 seconds
14:29:03.49 | INFO | 66 | Account-0001 | Waiting Send TABI 0.005613 to complete...
14:29:07.25 | SUCCESS | 72 | Account-0001 | Send TABI hash: 0x8ef869a6bd82d0c100250a4c30947b1c7baeaf50e550ca5eba70365b3853f696
14:30:36.64 | INFO | 66 | Account-0001 | Waiting Transfer 0.006865 TABI to complete...
14:30:39.62 | SUCCESS | 72 | Account-0001 | Transfer hash: 0xd3a32e41a192e92fc54d1717f6f9fad86a2b4ef0828833d5ccde269b6b37411c
14:30:44.34 | INFO | 66 | Account-0002 | Waiting Transfer 0.002568 TABI to complete...
14:30:55.41 | SUCCESS | 72 | Account-0002 | Transfer hash: 0xa142d0f631871d237c81598f1359b3e6a18613a0c628505b86909afc7e4a05e0
14:31:00.15 | INFO | 66 | Account-0003 | Waiting Transfer 0.004960 TABI to complete...
14:31:19.89 | INFO | 66 | Account-0001 | Waiting Transfer 0.009060 TABI to complete...
14:31:25.98 | SUCCESS | 72 | Account-0001 | Transfer hash: 0x772388526a2f2eeda2e291421876790a870d4485a120850611f0a13dfe4ba34b
14:31:30.68 | INFO | 66 | Account-0002 | Waiting Transfer 0.005343 TABI to complete...
14:31:42.42 | SUCCESS | 72 | Account-0002 | Transfer hash: 0xf58eb39465e25a0ab8ae75dd3c54ab98004ae5aa693da96832af0b429f62ae26
14:31:47.28 | INFO | 66 | Account-0003 | Waiting Transfer 0.008564 TABI to complete...
14:31:57.26 | SUCCESS | 72 | Account-0003 | Transfer hash: 0xc0cbb432deb0093b0cf174d0c9b5b335b6b70379f3dfc309b5120b3a805eeaa9
14:32:01.97 | INFO | 66 | Account-0004 | Waiting Transfer 0.004637 TABI to complete...
14:32:11.89 | SUCCESS | 72 | Account-0004 | Transfer hash: 0x0709478a3512d284ffb2bd64f31875318d67b0f1c16b46bf27f748889be37c83
14:32:16.56 | INFO | 66 | Account-0005 | Waiting Transfer 0.008677 TABI to complete...
14:32:29.98 | SUCCESS | 72 | Account-0005 | Transfer hash: 0xa8baf84467d564a6c0446189f88db6ed2a89c799271029f78e439083ef5fa151
14:32:34.65 | INFO | 66 | Account-0006 | Waiting Transfer 0.001427 TABI to complete...
14:32:46.00 | SUCCESS | 72 | Account-0006 | Transfer hash: 0x6c40487c619f446d28c3fff5b49177cadad07ed3e0e0dc43eccd9b152fa9a97d
14:32:50.73 | INFO | 66 | Account-0007 | Waiting Transfer 0.003857 TABI to complete...
14:33:07.84 | SUCCESS | 72 | Account-0007 | Transfer hash: 0x097c4a767e0b658476e154f882e9fea3ee8a442009d57973e6597c767a14dd69
14:33:13.29 | INFO | 66 | Account-0008 | Waiting Transfer 0.006892 TABI to complete...
14:33:27.27 | SUCCESS | 72 | Account-0008 | Transfer hash: 0x374d16bd890541d63a1d248a33310c13ade3040b14ff11b75a8709aa2948e7db
14:33:32.00 | INFO | 66 | Account-0009 | Waiting Transfer 0.007879 TABI to complete...
14:33:40.62 | SUCCESS | 72 | Account-0009 | Transfer hash: 0x84199809ea39bc499ea1b5a550a056953cbe98a3b8fd8a0304ec8564e2af817c
14:33:45.32 | INFO | 66 | Account-0010 | Waiting Transfer 0.007626 TABI to complete...
14:33:57.53 | SUCCESS | 72 | Account-0010 | Transfer hash: 0x989955c61eb3beaf332a8ad1068d2281b4a5e3d4d154d821daaa7a8ecb85aad7
14:34:18.44 | SUCCESS | 62 | Script execution time: 180.49 seconds
14:36:38.06 | INFO | 66 | Account-0001 | Waiting Transfer 0.002955 TABI to complete...
14:36:50.75 | SUCCESS | 72 | Account-0001 | Transfer hash: 0xa7381bf7b0cca23fb59db99c1b2e594a47cc159d1c0a0f8d07eed20ec43f3c32
14:36:55.45 | INFO | 66 | Account-0002 | Waiting Transfer 0.003462 TABI to complete...
14:37:04.13 | SUCCESS | 72 | Account-0002 | Transfer hash: 0x18a94ff1878c6e8bb2d7add9d6f745e22c9636af9b95475cc07fb0a6c6579aef
14:37:08.82 | INFO | 66 | Account-0003 | Waiting Transfer 0.006141 TABI to complete...
14:37:17.07 | SUCCESS | 72 | Account-0003 | Transfer hash: 0x6046e6bb74fdbcb55b01f15263078b00866e8bbc387c23c213942b38fc03ff8f
14:37:21.79 | INFO | 66 | Account-0004 | Waiting Transfer 0.006446 TABI to complete...
14:37:30.48 | SUCCESS | 72 | Account-0004 | Transfer hash: 0x8f93d4ec61c714e650540396fc56861d0b1f4ec089fa88433f6e43d64f65e17c
14:37:35.18 | INFO | 66 | Account-0005 | Waiting Transfer 0.004933 TABI to complete...
14:37:43.46 | SUCCESS | 72 | Account-0005 | Transfer hash: 0x2c020d29535ee10739b61adbbfec7ef1fea35ed242f272c6498e7c23f050391e
14:37:48.23 | INFO | 66 | Account-0006 | Waiting Transfer 0.009520 TABI to complete...
14:37:56.46 | SUCCESS | 72 | Account-0006 | Transfer hash: 0x5e66fef2b1a83830dcad1a7412a07ea17cc9a6f3c794b725fda9e6b372e39204
14:38:01.15 | INFO | 66 | Account-0007 | Waiting Transfer 0.007589 TABI to complete...
14:38:11.20 | SUCCESS | 72 | Account-0007 | Transfer hash: 0x1c7311a1e57d1dc56ac1b44fbadaf78c52ac6582df423de9c39ad65b7147b8b6
14:38:15.98 | INFO | 66 | Account-0008 | Waiting Transfer 0.005096 TABI to complete...
14:38:24.60 | SUCCESS | 72 | Account-0008 | Transfer hash: 0x5c173fe3eee2dd5ddf500d54354f09f94d4a7e971ccfa0465830c48bc23bfbc6
14:38:29.45 | INFO | 66 | Account-0009 | Waiting Transfer 0.007440 TABI to complete...
14:38:40.32 | SUCCESS | 72 | Account-0009 | Transfer hash: 0xff6074df73f91916ebfb570c8e4d24ff555b7c6817f4a2323f4195135bfcf48a
14:38:45.01 | INFO | 66 | Account-0010 | Waiting Transfer 0.006866 TABI to complete...
14:39:05.10 | SUCCESS | 72 | Account-0010 | Transfer hash: 0xa66c6e9d18932a7031cfe5059bb92440634714251271cf2ea5279a2d6e4b6212
14:40:14.66 | INFO | 66 | Account-0001 | Waiting Transfer 0.007497 TABI to complete...
14:40:24.02 | SUCCESS | 72 | Account-0001 | Transfer hash: 0x93e7e90324bb06bb6e685fb2cf1860810e004ac9a8b04ea795a7ce479327daf8
14:40:28.67 | INFO | 66 | Account-0002 | Waiting Transfer 0.008421 TABI to complete...
14:40:37.80 | SUCCESS | 72 | Account-0002 | Transfer hash: 0xc236b5400d5be53fe06da99cec32a9a0fe71f7c5e8813163e13a8e4234b5e759
14:40:42.43 | INFO | 66 | Account-0003 | Waiting Transfer 0.006693 TABI to complete...
14:40:53.44 | SUCCESS | 72 | Account-0003 | Transfer hash: 0x88e5b60b5cc7cbb6c092340c836e755b5a97f3e309be29ba9b5f76af46e2290e
14:40:58.07 | INFO | 66 | Account-0004 | Waiting Transfer 0.004205 TABI to complete...
14:41:10.82 | SUCCESS | 72 | Account-0004 | Transfer hash: 0xa46dc47ece8da53eedf532f191d890f4907d3f448d7eef41e23a6c33f0e26dad
14:41:15.51 | INFO | 66 | Account-0005 | Waiting Transfer 0.002373 TABI to complete...
14:41:24.92 | SUCCESS | 72 | Account-0005 | Transfer hash: 0x38c23183e92318f55ff5de33a028c5e81b38b9faa964e0aa2e70669882cd6a0a
14:41:29.56 | INFO | 66 | Account-0006 | Waiting Transfer 0.007074 TABI to complete...
14:41:39.78 | SUCCESS | 72 | Account-0006 | Transfer hash: 0xd67af77757024a0f723dd6393ba0c515a8f0f82a136735cca3c9438006ede05b
14:41:44.43 | INFO | 66 | Account-0007 | Waiting Transfer 0.001020 TABI to complete...
14:41:56.78 | SUCCESS | 72 | Account-0007 | Transfer hash: 0xa2824cf8f4d32c217c5be8e1564ceb03c515a35c8d6ed45d794aa78b8b7770e6
14:42:02.02 | INFO | 66 | Account-0008 | Waiting Transfer 0.006285 TABI to complete...
14:42:10.12 | SUCCESS | 72 | Account-0008 | Transfer hash: 0xa10ecb4f6a8767ade4edb7e30995a627e3990feaf399263af35a0a8984c577c4
14:42:14.83 | INFO | 66 | Account-0009 | Waiting Transfer 0.006093 TABI to complete...
14:42:24.61 | SUCCESS | 72 | Account-0009 | Transfer hash: 0x242b35d84e1b18a17bbfb82ca7034d7e8f8a6a5d160e2a9cf2996d71611c7fc7
14:42:29.29 | INFO | 66 | Account-0010 | Waiting Transfer 0.007655 TABI to complete...
14:42:41.74 | SUCCESS | 72 | Account-0010 | Transfer hash: 0x3820f69b610f7c8a46640b4c4efdc86ae36ef1a09834782b4f5834d02efaadae
14:42:44.79 | SUCCESS | 60 | Script execution time: 152.43 seconds
